<?xml version="1.0" encoding="UTF-8"?>
<!-- Generated by org.testng.reporters.JUnitXMLReporter -->
<testsuite hostname="DESKTOP-MSQ9CNA" ignored="6" name="Add New Stock-New Stock-It.2" tests="4" failures="1" timestamp="2022-03-21T19:22:02 IST" time="38.04" errors="0">
  <testcase name="@BeforeMethod beforeMethod" time="0.0" classname="testbase.BaseTest">
    <skipped/>
  </testcase> <!-- @BeforeMethod beforeMethod -->
  <testcase name="addNewStock" time="9.409" classname="testcases.rediff.StockManagement"/>
  <testcase name="verifyStockPresent" time="2.122" classname="testcases.rediff.StockManagement"/>
  <testcase name="verifyStockQuantity" time="0.851" classname="testcases.rediff.StockManagement">
    <failure type="java.lang.AssertionError" message="The following asserts failed:
	Quantity did not match">
      <![CDATA[java.lang.AssertionError: The following asserts failed:
Quantity did not match
at keywords.GenericKeywords.assertAll(GenericKeywords.java:199)
at keywords.GenericKeywords.reportFailure(GenericKeywords.java:194)
at testcases.rediff.StockManagement.verifyStockQuantity(StockManagement.java:112)
at java.util.ArrayList.forEach(ArrayList.java:1257)
at runner.TestNGRunner.run(TestNGRunner.java:86)
at runner.JSONRunner.main(JSONRunner.java:111)
... Removed 26 stack frames]]>
    </failure>
  </testcase> <!-- verifyStockQuantity -->
  <testcase name="verifyTransactionHistory" time="0.0" classname="testcases.rediff.StockManagement">
    <skipped/>
  </testcase> <!-- verifyTransactionHistory -->
  <testcase name="verifyStockAvgBuyPrice" time="0.0" classname="testcases.rediff.StockManagement">
    <ignored/>
  </testcase> <!-- verifyStockAvgBuyPrice -->
  <testcase name="deletePortfolio" time="0.0" classname="testcases.rediff.PortfolioManagement">
    <ignored/>
  </testcase> <!-- deletePortfolio -->
  <testcase name="@AfterTest quit" time="0.0" classname="testbase.BaseTest">
    <ignored/>
  </testcase> <!-- @AfterTest quit -->
  <testcase name="@BeforeTest beforeTest" time="0.0" classname="testbase.BaseTest">
    <ignored/>
  </testcase> <!-- @BeforeTest beforeTest -->
  <testcase name="modifyStock" time="0.0" classname="testcases.rediff.StockManagement">
    <ignored/>
  </testcase> <!-- modifyStock -->
  <testcase name="createPortfolio" time="0.0" classname="testcases.rediff.PortfolioManagement">
    <ignored/>
  </testcase> <!-- createPortfolio -->
</testsuite> <!-- Add New Stock-New Stock-It.2 -->
