<?xml version="1.0" encoding="UTF-8"?>
<!-- Generated by org.testng.reporters.JUnitXMLReporter -->
<testsuite hostname="DESKTOP-MSQ9CNA" ignored="6" name="Add New Stock-New Stock-It.1" tests="4" failures="0" timestamp="2022-03-21T19:21:23 IST" time="41.681" errors="0">
  <testcase name="addNewStock" time="12.602" classname="testcases.rediff.StockManagement"/>
  <testcase name="verifyStockPresent" time="0.274" classname="testcases.rediff.StockManagement"/>
  <testcase name="verifyStockQuantity" time="0.231" classname="testcases.rediff.StockManagement"/>
  <testcase name="verifyTransactionHistory" time="0.837" classname="testcases.rediff.StockManagement"/>
  <testcase name="verifyStockAvgBuyPrice" time="0.0" classname="testcases.rediff.StockManagement">
    <ignored/>
  </testcase> <!-- verifyStockAvgBuyPrice -->
  <testcase name="deletePortfolio" time="0.0" classname="testcases.rediff.PortfolioManagement">
    <ignored/>
  </testcase> <!-- deletePortfolio -->
  <testcase name="@AfterTest quit" time="0.0" classname="testbase.BaseTest">
    <ignored/>
  </testcase> <!-- @AfterTest quit -->
  <testcase name="@BeforeTest beforeTest" time="0.0" classname="testbase.BaseTest">
    <ignored/>
  </testcase> <!-- @BeforeTest beforeTest -->
  <testcase name="modifyStock" time="0.0" classname="testcases.rediff.StockManagement">
    <ignored/>
  </testcase> <!-- modifyStock -->
  <testcase name="createPortfolio" time="0.0" classname="testcases.rediff.PortfolioManagement">
    <ignored/>
  </testcase> <!-- createPortfolio -->
</testsuite> <!-- Add New Stock-New Stock-It.1 -->
