<?xml version="1.0" encoding="UTF-8"?>
<!-- Generated by org.testng.reporters.JUnitXMLReporter -->
<testsuite hostname="DESKTOP-MSQ9CNA" ignored="6" name="Modify Stock-Buy Existing Stock-It.2" tests="4" failures="0" timestamp="2022-03-21T19:24:01 IST" time="30.694" errors="0">
  <testcase name="verifyStockPresent" time="0.253" classname="testcases.rediff.StockManagement"/>
  <testcase name="modifyStock" time="8.058" classname="testcases.rediff.StockManagement"/>
  <testcase name="verifyStockQuantity" time="0.497" classname="testcases.rediff.StockManagement"/>
  <testcase name="verifyTransactionHistory" time="0.608" classname="testcases.rediff.StockManagement"/>
  <testcase name="addNewStock" time="0.0" classname="testcases.rediff.StockManagement">
    <ignored/>
  </testcase> <!-- addNewStock -->
  <testcase name="verifyStockAvgBuyPrice" time="0.0" classname="testcases.rediff.StockManagement">
    <ignored/>
  </testcase> <!-- verifyStockAvgBuyPrice -->
  <testcase name="deletePortfolio" time="0.0" classname="testcases.rediff.PortfolioManagement">
    <ignored/>
  </testcase> <!-- deletePortfolio -->
  <testcase name="@AfterTest quit" time="0.0" classname="testbase.BaseTest">
    <ignored/>
  </testcase> <!-- @AfterTest quit -->
  <testcase name="@BeforeTest beforeTest" time="0.0" classname="testbase.BaseTest">
    <ignored/>
  </testcase> <!-- @BeforeTest beforeTest -->
  <testcase name="createPortfolio" time="0.0" classname="testcases.rediff.PortfolioManagement">
    <ignored/>
  </testcase> <!-- createPortfolio -->
</testsuite> <!-- Modify Stock-Buy Existing Stock-It.2 -->
