<?xml version="1.0" encoding="UTF-8"?>
<!-- Generated by org.testng.reporters.JUnitXMLReporter -->
<testsuite hostname="DESKTOP-MSQ9CNA" ignored="6" name="Modify Stock Test - Add Stock" tests="4" failures="4" timestamp="2022-03-16T17:14:08 IST" time="0.111" errors="0">
  <testcase name="verifyStockPresent" time="0.002" classname="testcases.rediff.StockManagement">
    <failure type="java.lang.IllegalArgumentException" message="Input must be set">
      <![CDATA[java.lang.IllegalArgumentException: Input must be set
at org.openqa.selenium.internal.Require.nonNull(Require.java:59)
at org.openqa.selenium.support.ui.FluentWait.<init>(FluentWait.java:97)
at org.openqa.selenium.support.ui.WebDriverWait.<init>(WebDriverWait.java:128)
at org.openqa.selenium.support.ui.WebDriverWait.<init>(WebDriverWait.java:61)
at keywords.GenericKeywords.isElementPresent(GenericKeywords.java:141)
at keywords.GenericKeywords.getElement(GenericKeywords.java:122)
at keywords.GenericKeywords.getRowNumWithCellData(GenericKeywords.java:277)
at testcases.rediff.StockManagement.verifyStockPresent(StockManagement.java:77)
at java.util.ArrayList.forEach(ArrayList.java:1257)
... Removed 27 stack frames]]>
    </failure>
  </testcase> <!-- verifyStockPresent -->
  <testcase name="modifyStock" time="0.007" classname="testcases.rediff.StockManagement">
    <failure type="java.lang.IllegalArgumentException" message="Input must be set">
      <![CDATA[java.lang.IllegalArgumentException: Input must be set
at org.openqa.selenium.internal.Require.nonNull(Require.java:59)
at org.openqa.selenium.support.ui.FluentWait.<init>(FluentWait.java:97)
at org.openqa.selenium.support.ui.WebDriverWait.<init>(WebDriverWait.java:128)
at org.openqa.selenium.support.ui.WebDriverWait.<init>(WebDriverWait.java:61)
at keywords.GenericKeywords.isElementPresent(GenericKeywords.java:141)
at keywords.GenericKeywords.getElement(GenericKeywords.java:122)
at keywords.GenericKeywords.getRowNumWithCellData(GenericKeywords.java:277)
at keywords.ApplicationKeywords.findCurrentStockQuantity(ApplicationKeywords.java:80)
at testcases.rediff.StockManagement.modifyStock(StockManagement.java:53)
at java.util.ArrayList.forEach(ArrayList.java:1257)
... Removed 27 stack frames]]>
    </failure>
  </testcase> <!-- modifyStock -->
  <testcase name="verifyStockQuantity" time="0.003" classname="testcases.rediff.StockManagement">
    <failure type="java.lang.IllegalArgumentException" message="Input must be set">
      <![CDATA[java.lang.IllegalArgumentException: Input must be set
at org.openqa.selenium.internal.Require.nonNull(Require.java:59)
at org.openqa.selenium.support.ui.FluentWait.<init>(FluentWait.java:97)
at org.openqa.selenium.support.ui.WebDriverWait.<init>(WebDriverWait.java:128)
at org.openqa.selenium.support.ui.WebDriverWait.<init>(WebDriverWait.java:61)
at keywords.GenericKeywords.isElementPresent(GenericKeywords.java:141)
at keywords.GenericKeywords.getElement(GenericKeywords.java:122)
at keywords.GenericKeywords.getRowNumWithCellData(GenericKeywords.java:277)
at keywords.ApplicationKeywords.findCurrentStockQuantity(ApplicationKeywords.java:80)
at testcases.rediff.StockManagement.verifyStockQuantity(StockManagement.java:97)
at java.util.ArrayList.forEach(ArrayList.java:1257)
... Removed 27 stack frames]]>
    </failure>
  </testcase> <!-- verifyStockQuantity -->
  <testcase name="verifyTransactionHistory" time="0.004" classname="testcases.rediff.StockManagement">
    <failure type="java.lang.IllegalArgumentException" message="Input must be set">
      <![CDATA[java.lang.IllegalArgumentException: Input must be set
at org.openqa.selenium.internal.Require.nonNull(Require.java:59)
at org.openqa.selenium.support.ui.FluentWait.<init>(FluentWait.java:97)
at org.openqa.selenium.support.ui.WebDriverWait.<init>(WebDriverWait.java:128)
at org.openqa.selenium.support.ui.WebDriverWait.<init>(WebDriverWait.java:61)
at keywords.GenericKeywords.isElementPresent(GenericKeywords.java:141)
at keywords.GenericKeywords.getElement(GenericKeywords.java:122)
at keywords.GenericKeywords.getRowNumWithCellData(GenericKeywords.java:277)
at keywords.ApplicationKeywords.goToTransactionHistory(ApplicationKeywords.java:104)
at testcases.rediff.StockManagement.verifyTransactionHistory(StockManagement.java:132)
at java.util.ArrayList.forEach(ArrayList.java:1257)
... Removed 27 stack frames]]>
    </failure>
  </testcase> <!-- verifyTransactionHistory -->
  <testcase name="addNewStock" time="0.0" classname="testcases.rediff.StockManagement">
    <ignored/>
  </testcase> <!-- addNewStock -->
  <testcase name="verifyStockAvgBuyPrice" time="0.0" classname="testcases.rediff.StockManagement">
    <ignored/>
  </testcase> <!-- verifyStockAvgBuyPrice -->
  <testcase name="deletePortfolio" time="0.0" classname="testcases.rediff.PortfolioManagement">
    <ignored/>
  </testcase> <!-- deletePortfolio -->
  <testcase name="@AfterTest quit" time="0.0" classname="testbase.BaseTest">
    <ignored/>
  </testcase> <!-- @AfterTest quit -->
  <testcase name="@BeforeTest beforeTest" time="0.0" classname="testbase.BaseTest">
    <ignored/>
  </testcase> <!-- @BeforeTest beforeTest -->
  <testcase name="createPortfolio" time="0.0" classname="testcases.rediff.PortfolioManagement">
    <ignored/>
  </testcase> <!-- createPortfolio -->
</testsuite> <!-- Modify Stock Test - Add Stock -->
