<?xml version="1.0" encoding="UTF-8"?>
<!-- Generated by org.testng.reporters.JUnitXMLReporter -->
<testsuite hostname="DESKTOP-MSQ9CNA" ignored="4" name="Delete Portfolio Test" tests="2" failures="2" timestamp="2022-03-16T20:32:06 IST" time="0.05" errors="0">
  <testcase name="@AfterTest quit" time="0.001" classname="testbase.BaseTest">
    <failure type="java.lang.NullPointerException">
      <![CDATA[java.lang.NullPointerException
at keywords.GenericKeywords.quit(GenericKeywords.java:296)
at testbase.BaseTest.quit(BaseTest.java:59)
... Removed 24 stack frames]]>
    </failure>
  </testcase> <!-- @AfterTest quit -->
  <testcase name="doLogin" time="0.003" classname="testcases.rediff.Session">
    <failure type="java.lang.NullPointerException">
      <![CDATA[java.lang.NullPointerException
at keywords.GenericKeywords.openBrowser(GenericKeywords.java:47)
at testcases.rediff.Session.doLogin(Session.java:19)
at java.util.ArrayList.forEach(ArrayList.java:1257)
... Removed 27 stack frames]]>
    </failure>
  </testcase> <!-- doLogin -->
  <testcase name="deletePortfolio" time="0.011" classname="testcases.rediff.PortfolioManagement">
    <failure type="java.lang.IllegalArgumentException" message="Input must be set">
      <![CDATA[java.lang.IllegalArgumentException: Input must be set
at org.openqa.selenium.internal.Require.nonNull(Require.java:59)
at org.openqa.selenium.support.ui.FluentWait.<init>(FluentWait.java:97)
at org.openqa.selenium.support.ui.WebDriverWait.<init>(WebDriverWait.java:128)
at org.openqa.selenium.support.ui.WebDriverWait.<init>(WebDriverWait.java:61)
at keywords.GenericKeywords.isElementPresent(GenericKeywords.java:141)
at keywords.GenericKeywords.getElement(GenericKeywords.java:122)
at keywords.GenericKeywords.selectByVisibleText(GenericKeywords.java:110)
at testcases.rediff.PortfolioManagement.deletePortfolio(PortfolioManagement.java:33)
at java.util.ArrayList.forEach(ArrayList.java:1257)
... Removed 27 stack frames]]>
    </failure>
  </testcase> <!-- deletePortfolio -->
  <testcase name="@AfterTest quit" time="0.0" classname="testbase.BaseTest">
    <ignored/>
  </testcase> <!-- @AfterTest quit -->
  <testcase name="doLogout" time="0.0" classname="testcases.rediff.Session">
    <ignored/>
  </testcase> <!-- doLogout -->
  <testcase name="@BeforeTest beforeTest" time="0.0" classname="testbase.BaseTest">
    <ignored/>
  </testcase> <!-- @BeforeTest beforeTest -->
  <testcase name="createPortfolio" time="0.0" classname="testcases.rediff.PortfolioManagement">
    <ignored/>
  </testcase> <!-- createPortfolio -->
</testsuite> <!-- Delete Portfolio Test -->
