<?xml version="1.0" encoding="UTF-8"?>
<!-- Generated by org.testng.reporters.JUnitXMLReporter -->
<testsuite hostname="DESKTOP-MSQ9CNA" ignored="1" name="Delete Portfolio-Delete Existing PortFolio-It.1" tests="1" failures="1" timestamp="2022-03-21T19:19:56 IST" time="46.55" errors="0">
  <testcase name="deletePortfolio" time="20.178" classname="testcases.rediff.PortfolioManagement">
    <failure type="org.openqa.selenium.NoSuchElementException" message="Cannot locate option with text: Portfolio12089100
For documentation on this error, please visit: https://selenium.dev/exceptions/#no_such_element
Build info: version: &amp;apos;4.1.2&amp;apos;, revision: &amp;apos;9a5a329c5a&amp;apos;
System info: host: &amp;apos;DESKTOP-MSQ9CNA&amp;apos;, ip: &amp;apos;192.168.0.100&amp;apos;, os.name: &amp;apos;Windows 10&amp;apos;, os.arch: &amp;apos;amd64&amp;apos;, os.version: &amp;apos;10.0&amp;apos;, java.version: &amp;apos;1.8.0_202&amp;apos;
Driver info: driver.version: unknown">
      <![CDATA[org.openqa.selenium.NoSuchElementException: Cannot locate option with text: Portfolio12089100
For documentation on this error, please visit: https://selenium.dev/exceptions/#no_such_element
Build info: version: '4.1.2', revision: '9a5a329c5a'
System info: host: 'DESKTOP-MSQ9CNA', ip: '192.168.0.100', os.name: 'Windows 10', os.arch: 'amd64', os.version: '10.0', java.version: '1.8.0_202'
Driver info: driver.version: unknown
at org.openqa.selenium.support.ui.Select.selectByVisibleText(Select.java:151)
at keywords.GenericKeywords.selectByVisibleText(GenericKeywords.java:111)
at testcases.rediff.PortfolioManagement.deletePortfolio(PortfolioManagement.java:33)
at java.util.ArrayList.forEach(ArrayList.java:1257)
at runner.TestNGRunner.run(TestNGRunner.java:86)
at runner.JSONRunner.main(JSONRunner.java:111)
... Removed 24 stack frames]]>
    </failure>
  </testcase> <!-- deletePortfolio -->
  <testcase name="createPortfolio" time="0.0" classname="testcases.rediff.PortfolioManagement">
    <ignored/>
  </testcase> <!-- createPortfolio -->
</testsuite> <!-- Delete Portfolio-Delete Existing PortFolio-It.1 -->
